<?xml version="1.0" encoding="UTF-8"?>
<coverage generated="1584302392453" clover="3.2.0">
  <project timestamp="1584302392453" name="All files">
    <metrics statements="11" coveredstatements="2" conditionals="0" coveredconditionals="0" methods="2" coveredmethods="0" elements="13" coveredelements="2" complexity="0" loc="11" ncloc="11" packages="1" files="2" classes="2"/>
    <file name="index.js" path="/Users/craigschwartz/git/boggle-game/src/react/redux/actions/index.js">
      <metrics statements="11" coveredstatements="2" conditionals="0" coveredconditionals="0" methods="2" coveredmethods="0"/>
      <line num="3" count="1" type="stmt"/>
      <line num="7" count="1" type="stmt"/>
      <line num="14" count="0" type="stmt"/>
      <line num="15" count="0" type="stmt"/>
      <line num="20" count="0" type="stmt"/>
      <line num="22" count="0" type="stmt"/>
      <line num="23" count="0" type="stmt"/>
      <line num="24" count="0" type="stmt"/>
      <line num="25" count="0" type="stmt"/>
      <line num="27" count="0" type="stmt"/>
      <line num="31" count="0" type="stmt"/>
    </file>
    <file name="status.js" path="/Users/craigschwartz/git/boggle-game/src/react/redux/actions/status.js">
      <metrics statements="0" coveredstatements="0" conditionals="0" coveredconditionals="0" methods="0" coveredmethods="0"/>
    </file>
  </project>
</coverage>
