{"/Users/craigschwartz/git/boggle-game/src/react/redux/actions/index.js": {"path":"/Users/craigschwartz/git/boggle-game/src/react/redux/actions/index.js","statementMap":{"0":{"start":{"line":3,"column":16},"end":{"line":5,"column":1}},"1":{"start":{"line":7,"column":19},"end":{"line":10,"column":1}},"2":{"start":{"line":14,"column":4},"end":{"line":38,"column":6}},"3":{"start":{"line":15,"column":8},"end":{"line":18,"column":11}},"4":{"start":{"line":20,"column":22},"end":{"line":20,"column":24}},"5":{"start":{"line":22,"column":8},"end":{"line":29,"column":9}},"6":{"start":{"line":22,"column":21},"end":{"line":22,"column":22}},"7":{"start":{"line":23,"column":12},"end":{"line":23,"column":26}},"8":{"start":{"line":24,"column":12},"end":{"line":28,"column":13}},"9":{"start":{"line":24,"column":25},"end":{"line":24,"column":26}},"10":{"start":{"line":25,"column":34},"end":{"line":25,"column":79}},"11":{"start":{"line":27,"column":16},"end":{"line":27,"column":52}},"12":{"start":{"line":31,"column":8},"end":{"line":37,"column":11}}},"fnMap":{"0":{"name":"startGame","decl":{"start":{"line":13,"column":16},"end":{"line":13,"column":25}},"loc":{"start":{"line":13,"column":28},"end":{"line":39,"column":1}},"line":13},"1":{"name":"(anonymous_1)","decl":{"start":{"line":14,"column":11},"end":{"line":14,"column":12}},"loc":{"start":{"line":14,"column":25},"end":{"line":38,"column":5}},"line":14}},"branchMap":{},"s":{"0":1,"1":1,"2":0,"3":0,"4":0,"5":0,"6":0,"7":0,"8":0,"9":0,"10":0,"11":0,"12":0},"f":{"0":0,"1":0},"b":{},"_coverageSchema":"1a1c01bbd47fc00a2c39e90264f33305004495a9","hash":"409a72a66b0439d1ddc9366d1441f83a34ec9f9d"}
,"/Users/craigschwartz/git/boggle-game/src/react/redux/actions/status.js": {"path":"/Users/craigschwartz/git/boggle-game/src/react/redux/actions/status.js","statementMap":{},"fnMap":{},"branchMap":{},"s":{},"f":{},"b":{},"_coverageSchema":"1a1c01bbd47fc00a2c39e90264f33305004495a9","hash":"02854340f5c79a49b478e386461a93362271e833"}
}
